#
# A fatal error has been detected by the Java Runtime Environment:
#
#  EXCEPTION_ACCESS_VIOLATION (0xc0000005) at pc=0x0000000055be863f, pid=4812, tid=0x00000000000010e4
#
# JRE version: OpenJDK Runtime Environment (8.0_112-b06) (build 1.8.0_112-release-b06)
# Java VM: OpenJDK 64-Bit Server VM (25.112-b06 mixed mode windows-amd64 compressed oops)
# Problematic frame:
# V  [jvm.dll+0x4d863f]
#
# Failed to write core dump. Minidumps are not enabled by default on client versions of Windows
#
# If you would like to submit a bug report, please visit:
#   http://bugreport.java.com/bugreport/crash.jsp
#

---------------  T H R E A D  ---------------

Current thread (0x00000000150a0800):  JavaThread "C2 CompilerThread1" daemon [_thread_in_native, id=4324, stack(0x0000000016800000,0x0000000016900000)]

siginfo: ExceptionCode=0xc0000005, reading address 0xffffffffffffffff

Registers:
RAX=0x00000000557db830, RBX=0x0000000055d45598, RCX=0x0000000055d45598, RDX=0x000000001d8c2fe0
RSP=0x00000000168fbea0, RBP=0x00000000000001ab, RSI=0x00000000168fcac0, RDI=0x0000000019d4fab8
R8 =0x0000000000000005, R9 =0x0000000000000100, R10=0x0000000000000fff, R11=0x000000000000006b
R12=0x00000000000000a5, R13=0x00000000000001ac, R14=0x0000000000000000, R15=0x0000000017c552f8
RIP=0x0000000055be863f, EFLAGS=0x0000000000010206

Top of Stack: (sp=0x00000000168fbea0)
0x00000000168fbea0:   00000000168fcac0 0000000019d4fab8
0x00000000168fbeb0:   000000000000007b 00000000000001aa
0x00000000168fbec0:   00000000000001ac 00000000168fec00
0x00000000168fbed0:   0000000019d4fab8 0000000055be7fda
0x00000000168fbee0:   00000000000001ab 0000000019d12170
0x00000000168fbef0:   00000000168fcac0 000000001be665c8
0x00000000168fbf00:   00000000168fec00 0000000017c4d310
0x00000000168fbf10:   0000000000018360 0000000055b4e3ef
0x00000000168fbf20:   00000000168fc020 00000000150650f0
0x00000000168fbf30:   0000000017c4e280 00000000168fec00
0x00000000168fbf40:   0000000000000000 0000000000000000
0x00000000168fbf50:   0000000001440000 0000000000000001
0x00000000168fbf60:   0000000000000008 000000001d9e3f00
0x00000000168fbf70:   0000000000010001 00000000168fec00
0x00000000168fbf80:   0000000000001bf8 0000000000000001
0x00000000168fbf90:   0000000000000001 0000000000000040 

Instructions: (pc=0x0000000055be863f)
0x0000000055be861f:   48 8b d3 48 8b cf 4a 89 1c e0 e8 d2 56 fe ff 48
0x0000000055be862f:   8b d7 48 8b ce e8 47 e5 ff ff 48 8b 03 48 8b cb
0x0000000055be863f:   ff 50 40 4c 8b 64 24 48 48 8b 6c 24 40 84 c0 74
0x0000000055be864f:   43 0f b6 47 2e c0 e8 04 a8 01 75 38 48 8b d3 48 


Register to memory mapping:

RAX=0x00000000557db830 is an unknown value
RBX=0x0000000055d45598 is an unknown value
RCX=0x0000000055d45598 is an unknown value
RDX=0x000000001d8c2fe0 is an unknown value
RSP=0x00000000168fbea0 is pointing into the stack for thread: 0x00000000150a0800
RBP=0x00000000000001ab is an unknown value
RSI=0x00000000168fcac0 is pointing into the stack for thread: 0x00000000150a0800
RDI=0x0000000019d4fab8 is an unknown value
R8 =0x0000000000000005 is an unknown value
R9 =0x0000000000000100 is an unknown value
R10=0x0000000000000fff is an unknown value
R11=0x000000000000006b is an unknown value
R12=0x00000000000000a5 is an unknown value
R13=0x00000000000001ac is an unknown value
R14=0x0000000000000000 is an unknown value
R15=0x0000000017c552f8 is an unknown value


Stack: [0x0000000016800000,0x0000000016900000],  sp=0x00000000168fbea0,  free space=1007k
Native frames: (J=compiled Java code, j=interpreted, Vv=VM code, C=native code)
V  [jvm.dll+0x4d863f]
V  [jvm.dll+0x4d7fda]
V  [jvm.dll+0x43e3ef]
V  [jvm.dll+0x43fef2]
V  [jvm.dll+0x423242]
V  [jvm.dll+0x80b29]
V  [jvm.dll+0x8145f]
V  [jvm.dll+0x21be7f]
V  [jvm.dll+0x26c13a]
C  [msvcr100.dll+0x21d9f]
C  [msvcr100.dll+0x21e3b]
C  [KERNEL32.DLL+0x8364]
C  [ntdll.dll+0x670d1]


Current CompileTask:
C2:2653855 17323       4       com.sun.org.apache.xerces.internal.util.URI::absolutize (490 bytes)


---------------  P R O C E S S  ---------------

Java Threads: ( => current thread )
  0x0000000017ee3000 JavaThread "Stdin handler" [_thread_blocked, id=1052, stack(0x0000000033a60000,0x0000000033b60000)]
  0x0000000017ee2800 JavaThread "Asynchronous log dispatcher for DefaultDaemonConnection: socket connection from /127.0.0.1:50224 to /127.0.0.1:58842" [_thread_blocked, id=7288, stack(0x0000000033960000,0x0000000033a60000)]
  0x0000000017ee1800 JavaThread "Daemon worker Thread 15" [_thread_in_native, id=1256, stack(0x0000000033860000,0x0000000033960000)]
  0x0000000017ee1000 JavaThread "Cancel handler" [_thread_blocked, id=8988, stack(0x0000000033760000,0x0000000033860000)]
  0x0000000017edc800 JavaThread "Handler for socket connection from /127.0.0.1:50224 to /127.0.0.1:58842" [_thread_in_native, id=6492, stack(0x0000000033660000,0x0000000033760000)]
  0x0000000017ee0000 JavaThread "Daemon Thread 15" [_thread_blocked, id=6292, stack(0x0000000033560000,0x0000000033660000)]
  0x000000001b486000 JavaThread "pool-6-thread-4" [_thread_blocked, id=4556, stack(0x0000000027f60000,0x0000000028060000)]
  0x000000001b484000 JavaThread "pool-6-thread-3" [_thread_blocked, id=4760, stack(0x0000000026960000,0x0000000026a60000)]
  0x000000001b488000 JavaThread "pool-6-thread-2" [_thread_blocked, id=9036, stack(0x0000000025360000,0x0000000025460000)]
  0x000000001b485800 JavaThread "pool-6-thread-1" [_thread_blocked, id=4752, stack(0x0000000023b60000,0x0000000023c60000)]
  0x000000001b484800 JavaThread "pool-2-thread-1" [_thread_blocked, id=7392, stack(0x000000001efa0000,0x000000001f0a0000)]
  0x00000000183fb800 JavaThread "File lock request listener" [_thread_in_native, id=9028, stack(0x000000001ace0000,0x000000001ade0000)]
  0x0000000017ecc800 JavaThread "pool-1-thread-1" [_thread_blocked, id=6096, stack(0x0000000019610000,0x0000000019710000)]
  0x0000000017a3f800 JavaThread "Incoming local TCP Connector on port 50224" [_thread_in_native, id=3340, stack(0x0000000018d10000,0x0000000018e10000)]
  0x0000000016929800 JavaThread "Service Thread" daemon [_thread_blocked, id=7232, stack(0x0000000016e00000,0x0000000016f00000)]
  0x0000000016908800 JavaThread "C1 CompilerThread2" daemon [_thread_blocked, id=4900, stack(0x0000000016d00000,0x0000000016e00000)]
=>0x00000000150a0800 JavaThread "C2 CompilerThread1" daemon [_thread_in_native, id=4324, stack(0x0000000016800000,0x0000000016900000)]
  0x000000001509b000 JavaThread "C2 CompilerThread0" daemon [_thread_blocked, id=10776, stack(0x0000000016700000,0x0000000016800000)]
  0x0000000015099800 JavaThread "Attach Listener" daemon [_thread_blocked, id=9388, stack(0x0000000016600000,0x0000000016700000)]
  0x0000000015098000 JavaThread "Signal Dispatcher" daemon [_thread_blocked, id=10860, stack(0x0000000016500000,0x0000000016600000)]
  0x000000000154d000 JavaThread "Finalizer" daemon [_thread_blocked, id=10856, stack(0x0000000016310000,0x0000000016410000)]
  0x0000000001541000 JavaThread "Reference Handler" daemon [_thread_blocked, id=5848, stack(0x0000000016210000,0x0000000016310000)]
  0x000000000144d800 JavaThread "main" [_thread_blocked, id=7344, stack(0x00000000012d0000,0x00000000013d0000)]

Other Threads:
  0x0000000015065800 VMThread [stack: 0x0000000016110000,0x0000000016210000] [id=5240]
  0x00000000150fb000 WatcherThread [stack: 0x0000000016f00000,0x0000000017000000] [id=8048]

VM state:not at safepoint (normal execution)

VM Mutex/Monitor currently owned by a thread: None

Heap:
 PSYoungGen      total 123904K, used 90712K [0x00000000eab00000, 0x00000000f4d00000, 0x0000000100000000)
  eden space 103424K, 68% used [0x00000000eab00000,0x00000000eefe2a60,0x00000000f1000000)
  from space 20480K, 98% used [0x00000000f1280000,0x00000000f26335d8,0x00000000f2680000)
  to   space 31232K, 0% used [0x00000000f2e80000,0x00000000f2e80000,0x00000000f4d00000)
 ParOldGen       total 151040K, used 52157K [0x00000000c0000000, 0x00000000c9380000, 0x00000000eab00000)
  object space 151040K, 34% used [0x00000000c0000000,0x00000000c32ef5c8,0x00000000c9380000)
 Metaspace       used 72753K, capacity 78854K, committed 78976K, reserved 1118208K
  class space    used 9535K, capacity 10502K, committed 10624K, reserved 1048576K

Card table byte_map: [0x0000000001910000,0x0000000001b20000] byte_map_base: 0x0000000001310000

Marking Bits: (ParMarkBitMap*) 0x0000000055ed18f0
 Begin Bits: [0x0000000012500000, 0x0000000013500000)
 End Bits:   [0x0000000013500000, 0x0000000014500000)

Polling page: 0x0000000000f70000

CodeCache: size=245760Kb used=52253Kb max_used=52344Kb free=193506Kb
 bounds [0x0000000003400000, 0x0000000006770000, 0x0000000012400000]
 total_blobs=14862 nmethods=14068 adapters=705
 compilation: enabled

Compilation events (10 events):
Event: 2653.630 Thread 0x0000000016908800 17319       3       org.gradle.internal.reflect.JavaReflectionUtil::writeablePropertyIfExists (93 bytes)
Event: 2653.631 Thread 0x0000000016908800 nmethod 17319 0x0000000005209b90 code [0x0000000005209ea0, 0x000000000520b568]
Event: 2653.631 Thread 0x0000000016908800 17320       3       org.gradle.internal.logging.progress.DefaultProgressLoggerFactory$ProgressLoggerImpl::start (18 bytes)
Event: 2653.632 Thread 0x0000000016908800 nmethod 17320 0x00000000059b4890 code [0x00000000059b4a40, 0x00000000059b4de8]
Event: 2653.640 Thread 0x0000000016908800 17321   !   3       sun.reflect.GeneratedConstructorAccessor6::newInstance (53 bytes)
Event: 2653.640 Thread 0x0000000016908800 nmethod 17321 0x00000000059bd050 code [0x00000000059bd240, 0x00000000059bda88]
Event: 2653.659 Thread 0x000000001509b000 17322   !   4       com.sun.org.apache.xerces.internal.impl.dtd.XMLDTDValidator::init (138 bytes)
Event: 2653.659 Thread 0x00000000150a0800 17323       4       com.sun.org.apache.xerces.internal.util.URI::absolutize (490 bytes)
Event: 2653.660 Thread 0x000000001509b000 nmethod 17322 0x0000000005f63490 code [0x0000000005f635c0, 0x0000000005f63658]
Event: 2653.660 Thread 0x000000001509b000 17324       4       com.sun.org.apache.xerces.internal.impl.dtd.XMLDTDValidator::reset (297 bytes)

GC Heap History (10 events):
Event: 2123.741 GC heap before
{Heap before GC invocations=32 (full 3):
 PSYoungGen      total 147968K, used 140297K [0x00000000eab00000, 0x00000000f5c80000, 0x0000000100000000)
  eden space 117248K, 100% used [0x00000000eab00000,0x00000000f1d80000,0x00000000f1d80000)
  from space 30720K, 75% used [0x00000000f3e80000,0x00000000f5502760,0x00000000f5c80000)
  to   space 32256K, 0% used [0x00000000f1d80000,0x00000000f1d80000,0x00000000f3d00000)
 ParOldGen       total 151040K, used 48749K [0x00000000c0000000, 0x00000000c9380000, 0x00000000eab00000)
  object space 151040K, 32% used [0x00000000c0000000,0x00000000c2f9b508,0x00000000c9380000)
 Metaspace       used 71669K, capacity 76502K, committed 76800K, reserved 1116160K
  class space    used 9352K, capacity 10184K, committed 10240K, reserved 1048576K
Event: 2123.756 GC heap after
Heap after GC invocations=32 (full 3):
 PSYoungGen      total 134656K, used 20359K [0x00000000eab00000, 0x00000000f5880000, 0x0000000100000000)
  eden space 114176K, 0% used [0x00000000eab00000,0x00000000eab00000,0x00000000f1a80000)
  from space 20480K, 99% used [0x00000000f1d80000,0x00000000f3161ff8,0x00000000f3180000)
  to   space 31744K, 0% used [0x00000000f3980000,0x00000000f3980000,0x00000000f5880000)
 ParOldGen       total 151040K, used 48757K [0x00000000c0000000, 0x00000000c9380000, 0x00000000eab00000)
  object space 151040K, 32% used [0x00000000c0000000,0x00000000c2f9d508,0x00000000c9380000)
 Metaspace       used 71669K, capacity 76502K, committed 76800K, reserved 1116160K
  class space    used 9352K, capacity 10184K, committed 10240K, reserved 1048576K
}
Event: 2124.415 GC heap before
{Heap before GC invocations=33 (full 3):
 PSYoungGen      total 134656K, used 134535K [0x00000000eab00000, 0x00000000f5880000, 0x0000000100000000)
  eden space 114176K, 100% used [0x00000000eab00000,0x00000000f1a80000,0x00000000f1a80000)
  from space 20480K, 99% used [0x00000000f1d80000,0x00000000f3161ff8,0x00000000f3180000)
  to   space 31744K, 0% used [0x00000000f3980000,0x00000000f3980000,0x00000000f5880000)
 ParOldGen       total 151040K, used 48757K [0x00000000c0000000, 0x00000000c9380000, 0x00000000eab00000)
  object space 151040K, 32% used [0x00000000c0000000,0x00000000c2f9d508,0x00000000c9380000)
 Metaspace       used 71733K, capacity 76666K, committed 76800K, reserved 1116160K
  class space    used 9355K, capacity 10190K, committed 10240K, reserved 1048576K
Event: 2124.429 GC heap after
Heap after GC invocations=33 (full 3):
 PSYoungGen      total 142848K, used 24015K [0x00000000eab00000, 0x00000000f5880000, 0x0000000100000000)
  eden space 111104K, 0% used [0x00000000eab00000,0x00000000eab00000,0x00000000f1780000)
  from space 31744K, 75% used [0x00000000f3980000,0x00000000f50f3fb0,0x00000000f5880000)
  to   space 33280K, 0% used [0x00000000f1780000,0x00000000f1780000,0x00000000f3800000)
 ParOldGen       total 151040K, used 48765K [0x00000000c0000000, 0x00000000c9380000, 0x00000000eab00000)
  object space 151040K, 32% used [0x00000000c0000000,0x00000000c2f9f508,0x00000000c9380000)
 Metaspace       used 71733K, capacity 76666K, committed 76800K, reserved 1116160K
  class space    used 9355K, capacity 10190K, committed 10240K, reserved 1048576K
}
Event: 2490.489 GC heap before
{Heap before GC invocations=34 (full 3):
 PSYoungGen      total 142848K, used 135119K [0x00000000eab00000, 0x00000000f5880000, 0x0000000100000000)
  eden space 111104K, 100% used [0x00000000eab00000,0x00000000f1780000,0x00000000f1780000)
  from space 31744K, 75% used [0x00000000f3980000,0x00000000f50f3fb0,0x00000000f5880000)
  to   space 33280K, 0% used [0x00000000f1780000,0x00000000f1780000,0x00000000f3800000)
 ParOldGen       total 151040K, used 48765K [0x00000000c0000000, 0x00000000c9380000, 0x00000000eab00000)
  object space 151040K, 32% used [0x00000000c0000000,0x00000000c2f9f508,0x00000000c9380000)
 Metaspace       used 71865K, capacity 76796K, committed 77056K, reserved 1116160K
  class space    used 9367K, capacity 10205K, committed 10240K, reserved 1048576K
Event: 2490.505 GC heap after
Heap after GC invocations=34 (full 3):
 PSYoungGen      total 130048K, used 21113K [0x00000000eab00000, 0x00000000f5500000, 0x0000000100000000)
  eden space 108544K, 0% used [0x00000000eab00000,0x00000000eab00000,0x00000000f1500000)
  from space 21504K, 98% used [0x00000000f1780000,0x00000000f2c1e7d0,0x00000000f2c80000)
  to   space 32768K, 0% used [0x00000000f3500000,0x00000000f3500000,0x00000000f5500000)
 ParOldGen       total 151040K, used 51189K [0x00000000c0000000, 0x00000000c9380000, 0x00000000eab00000)
  object space 151040K, 33% used [0x00000000c0000000,0x00000000c31fd598,0x00000000c9380000)
 Metaspace       used 71865K, capacity 76796K, committed 77056K, reserved 1116160K
  class space    used 9367K, capacity 10205K, committed 10240K, reserved 1048576K
}
Event: 2553.576 GC heap before
{Heap before GC invocations=35 (full 3):
 PSYoungGen      total 130048K, used 129657K [0x00000000eab00000, 0x00000000f5500000, 0x0000000100000000)
  eden space 108544K, 100% used [0x00000000eab00000,0x00000000f1500000,0x00000000f1500000)
  from space 21504K, 98% used [0x00000000f1780000,0x00000000f2c1e7d0,0x00000000f2c80000)
  to   space 32768K, 0% used [0x00000000f3500000,0x00000000f3500000,0x00000000f5500000)
 ParOldGen       total 151040K, used 51189K [0x00000000c0000000, 0x00000000c9380000, 0x00000000eab00000)
  object space 151040K, 33% used [0x00000000c0000000,0x00000000c31fd598,0x00000000c9380000)
 Metaspace       used 72168K, capacity 77508K, committed 77696K, reserved 1116160K
  class space    used 9432K, capacity 10317K, committed 10368K, reserved 1048576K
Event: 2553.587 GC heap after
Heap after GC invocations=35 (full 3):
 PSYoungGen      total 134144K, used 17460K [0x00000000eab00000, 0x00000000f5080000, 0x0000000100000000)
  eden space 105984K, 0% used [0x00000000eab00000,0x00000000eab00000,0x00000000f1280000)
  from space 28160K, 62% used [0x00000000f3500000,0x00000000f460d2f8,0x00000000f5080000)
  to   space 31744K, 0% used [0x00000000f1280000,0x00000000f1280000,0x00000000f3180000)
 ParOldGen       total 151040K, used 51437K [0x00000000c0000000, 0x00000000c9380000, 0x00000000eab00000)
  object space 151040K, 34% used [0x00000000c0000000,0x00000000c323b598,0x00000000c9380000)
 Metaspace       used 72168K, capacity 77508K, committed 77696K, reserved 1116160K
  class space    used 9432K, capacity 10317K, committed 10368K, reserved 1048576K
}
Event: 2554.170 GC heap before
{Heap before GC invocations=36 (full 3):
 PSYoungGen      total 134144K, used 123444K [0x00000000eab00000, 0x00000000f5080000, 0x0000000100000000)
  eden space 105984K, 100% used [0x00000000eab00000,0x00000000f1280000,0x00000000f1280000)
  from space 28160K, 62% used [0x00000000f3500000,0x00000000f460d2f8,0x00000000f5080000)
  to   space 31744K, 0% used [0x00000000f1280000,0x00000000f1280000,0x00000000f3180000)
 ParOldGen       total 151040K, used 51437K [0x00000000c0000000, 0x00000000c9380000, 0x00000000eab00000)
  object space 151040K, 34% used [0x00000000c0000000,0x00000000c323b598,0x00000000c9380000)
 Metaspace       used 72681K, capacity 78686K, committed 78848K, reserved 1118208K
  class space    used 9526K, capacity 10492K, committed 10496K, reserved 1048576K
Event: 2554.183 GC heap after
Heap after GC invocations=36 (full 3):
 PSYoungGen      total 123904K, used 20173K [0x00000000eab00000, 0x00000000f4d00000, 0x0000000100000000)
  eden space 103424K, 0% used [0x00000000eab00000,0x00000000eab00000,0x00000000f1000000)
  from space 20480K, 98% used [0x00000000f1280000,0x00000000f26335d8,0x00000000f2680000)
  to   space 31232K, 0% used [0x00000000f2e80000,0x00000000f2e80000,0x00000000f4d00000)
 ParOldGen       total 151040K, used 52157K [0x00000000c0000000, 0x00000000c9380000, 0x00000000eab00000)
  object space 151040K, 34% used [0x00000000c0000000,0x00000000c32ef5c8,0x00000000c9380000)
 Metaspace       used 72681K, capacity 78686K, committed 78848K, reserved 1118208K
  class space    used 9526K, capacity 10492K, committed 10496K, reserved 1048576K
}

Deoptimization events (10 events):
Event: 955.732 Thread 0x000000001a759800 Uncommon trap: reason=bimorphic action=maybe_recompile pc=0x0000000005415438 method=java.util.HashMap.removeNode(ILjava/lang/Object;Ljava/lang/Object;ZZ)Ljava/util/HashMap$Node; @ 143
Event: 1275.469 Thread 0x000000001a760800 Uncommon trap: reason=null_check action=make_not_entrant pc=0x000000000463b744 method=java.lang.ThreadLocal$ThreadLocalMap.set(Ljava/lang/ThreadLocal;Ljava/lang/Object;)V @ 36
Event: 1276.005 Thread 0x000000001a760800 Uncommon trap: reason=null_check action=make_not_entrant pc=0x0000000005fd29f0 method=com.sun.org.apache.xpath.internal.patterns.NodeTest.subPartMatchNS(Ljava/lang/String;Ljava/lang/String;)Z @ 25
Event: 1440.417 Thread 0x000000001a759800 Uncommon trap: reason=unstable_if action=reinterpret pc=0x0000000004daa188 method=org.codehaus.groovy.util.ReferenceManager$CallBackedManager.removeStallEntries0(Ljava/lang/ref/ReferenceQueue;)V @ 6
Event: 1596.663 Thread 0x000000001a75c000 Uncommon trap: reason=unstable_if action=reinterpret pc=0x0000000004c95198 method=org.codehaus.groovy.util.ReferenceManager$CallBackedManager.removeStallEntries0(Ljava/lang/ref/ReferenceQueue;)V @ 6
Event: 1597.293 Thread 0x000000001a75c000 Uncommon trap: reason=null_check action=make_not_entrant pc=0x00000000054f4a28 method=com.sun.tools.javac.util.UnsharedNameTable.fromUtf([BII)Lcom/sun/tools/javac/util/Name; @ 50
Event: 1597.312 Thread 0x000000001a75c000 Uncommon trap: reason=null_check action=make_not_entrant pc=0x000000000550a51c method=com.sun.tools.javac.util.UnsharedNameTable.fromUtf([BII)Lcom/sun/tools/javac/util/Name; @ 50
Event: 1820.691 Thread 0x000000001a75f800 Uncommon trap: reason=unstable_if action=reinterpret pc=0x0000000005c75764 method=java.text.DecimalFormat.format(JLjava/lang/StringBuffer;Ljava/text/Format$FieldDelegate;)Ljava/lang/StringBuffer; @ 136
Event: 2123.849 Thread 0x000000001a75f800 Uncommon trap: reason=null_check action=make_not_entrant pc=0x0000000004725a60 method=java.lang.ThreadLocal$ThreadLocalMap.set(Ljava/lang/ThreadLocal;Ljava/lang/Object;)V @ 36
Event: 2492.587 Thread 0x000000001a75c000 Uncommon trap: reason=unstable_if action=reinterpret pc=0x000000000565d4f0 method=java.util.concurrent.locks.AbstractQueuedSynchronizer.unparkSuccessor(Ljava/util/concurrent/locks/AbstractQueuedSynchronizer$Node;)V @ 22

Internal exceptions (10 events):
Event: 2490.092 Thread 0x000000001a759800 Exception <a 'java/lang/ClassNotFoundException': asLocalRepo3476_57acrkxxr38i8anw0mhthhejyCustomizer> (0x00000000ed4a12a0) thrown at [C:\src\android\AOSP-openjdk\external\jetbrains\jdk\hotspot\src\share\vm\classfile\systemDictionary.cpp, line 210]
Event: 2490.225 Thread 0x000000001a759800 Exception <a 'sun/nio/fs/WindowsException'> (0x00000000ef959100) thrown at [C:\src\android\AOSP-openjdk\external\jetbrains\jdk\hotspot\src\share\vm\prims\jni.cpp, line 709]
Event: 2492.577 Thread 0x000000001a759800 Exception <a 'sun/nio/fs/WindowsException'> (0x00000000f03e73d8) thrown at [C:\src\android\AOSP-openjdk\external\jetbrains\jdk\hotspot\src\share\vm\prims\jni.cpp, line 709]
Event: 2492.587 Thread 0x000000001a75c000 Implicit null exception at 0x000000000565d46c to 0x000000000565d4d9
Event: 2553.537 Thread 0x000000001a75c000 Exception <a 'java/lang/ClassNotFoundException': asLocalRepo573_b48kmn8vbjjpkav9ky2z7tho3BeanInfo> (0x00000000f085cbe8) thrown at [C:\src\android\AOSP-openjdk\external\jetbrains\jdk\hotspot\src\share\vm\classfile\systemDictionary.cpp, line 210]
Event: 2553.537 Thread 0x000000001a75c000 Exception <a 'java/lang/ClassNotFoundException': asLocalRepo573_b48kmn8vbjjpkav9ky2z7tho3Customizer> (0x00000000f0867bd8) thrown at [C:\src\android\AOSP-openjdk\external\jetbrains\jdk\hotspot\src\share\vm\classfile\systemDictionary.cpp, line 210]
Event: 2553.674 Thread 0x000000001a75c000 Exception <a 'sun/nio/fs/WindowsException'> (0x00000000ec3fe0a0) thrown at [C:\src\android\AOSP-openjdk\external\jetbrains\jdk\hotspot\src\share\vm\prims\jni.cpp, line 709]
Event: 2555.949 Thread 0x000000001a75c000 Exception <a 'sun/nio/fs/WindowsException'> (0x00000000ed4fb540) thrown at [C:\src\android\AOSP-openjdk\external\jetbrains\jdk\hotspot\src\share\vm\prims\jni.cpp, line 709]
Event: 2653.624 Thread 0x0000000017ee1800 Exception <a 'java/lang/ClassNotFoundException': asLocalRepo544_ajhng2i979he2dsgi3ejsdj5zBeanInfo> (0x00000000ed9605b8) thrown at [C:\src\android\AOSP-openjdk\external\jetbrains\jdk\hotspot\src\share\vm\classfile\systemDictionary.cpp, line 210]
Event: 2653.625 Thread 0x0000000017ee1800 Exception <a 'java/lang/ClassNotFoundException': asLocalRepo544_ajhng2i979he2dsgi3ejsdj5zCustomizer> (0x00000000ed96b590) thrown at [C:\src\android\AOSP-openjdk\external\jetbrains\jdk\hotspot\src\share\vm\classfile\systemDictionary.cpp, line 210]

Events (10 events):
Event: 2653.634 loading class groovy/runtime/metaclass/asLocalRepo544_ajhng2i979he2dsgi3ejsdj5z$_run_closure1$_closure2$_closure4$_closure5MetaClass
Event: 2653.634 loading class groovy/runtime/metaclass/asLocalRepo544_ajhng2i979he2dsgi3ejsdj5z$_run_closure1$_closure2$_closure4$_closure5MetaClass done
Event: 2653.634 loading class asLocalRepo544_ajhng2i979he2dsgi3ejsdj5z$_run_closure1$_closure3
Event: 2653.634 loading class asLocalRepo544_ajhng2i979he2dsgi3ejsdj5z$_run_closure1$_closure3 done
Event: 2653.635 loading class groovy/runtime/metaclass/asLocalRepo544_ajhng2i979he2dsgi3ejsdj5z$_run_closure1$_closure3MetaClass
Event: 2653.635 loading class groovy/runtime/metaclass/asLocalRepo544_ajhng2i979he2dsgi3ejsdj5z$_run_closure1$_closure3MetaClass done
Event: 2653.635 loading class asLocalRepo544_ajhng2i979he2dsgi3ejsdj5z$_run_closure1$_closure3$_closure6
Event: 2653.635 loading class asLocalRepo544_ajhng2i979he2dsgi3ejsdj5z$_run_closure1$_closure3$_closure6 done
Event: 2653.636 loading class groovy/runtime/metaclass/asLocalRepo544_ajhng2i979he2dsgi3ejsdj5z$_run_closure1$_closure3$_closure6MetaClass
Event: 2653.636 loading class groovy/runtime/metaclass/asLocalRepo544_ajhng2i979he2dsgi3ejsdj5z$_run_closure1$_closure3$_closure6MetaClass done


Dynamic libraries:
0x00007ff633fa0000 - 0x00007ff633fd1000 	F:\androidstudio\studio\jre\bin\java.exe
0x00007ffe76400000 - 0x00007ffe765d1000 	C:\Windows\SYSTEM32\ntdll.dll
0x00007ffe76110000 - 0x00007ffe761bb000 	C:\Windows\System32\KERNEL32.DLL
0x00007ffe72c90000 - 0x00007ffe72ead000 	C:\Windows\System32\KERNELBASE.dll
0x00007ffe75e60000 - 0x00007ffe75f02000 	C:\Windows\System32\ADVAPI32.dll
0x00007ffe75550000 - 0x00007ffe755ee000 	C:\Windows\System32\msvcrt.dll
0x00007ffe75cf0000 - 0x00007ffe75d49000 	C:\Windows\System32\sechost.dll
0x00007ffe762d0000 - 0x00007ffe763f1000 	C:\Windows\System32\RPCRT4.dll
0x00007ffe75340000 - 0x00007ffe754a5000 	C:\Windows\System32\USER32.dll
0x00007ffe73230000 - 0x00007ffe7324e000 	C:\Windows\System32\win32u.dll
0x00007ffe75510000 - 0x00007ffe75544000 	C:\Windows\System32\GDI32.dll
0x00007ffe72a60000 - 0x00007ffe72be2000 	C:\Windows\System32\gdi32full.dll
0x00007ffe68690000 - 0x00007ffe68909000 	C:\Windows\WinSxS\amd64_microsoft.windows.common-controls_6595b64144ccf1df_6.0.14393.447_none_42191651c6827bb3\COMCTL32.dll
0x00007ffe74fb0000 - 0x00007ffe75278000 	C:\Windows\System32\combase.dll
0x00007ffe73080000 - 0x00007ffe73175000 	C:\Windows\System32\ucrtbase.dll
0x00007ffe728f0000 - 0x00007ffe7295a000 	C:\Windows\System32\bcryptPrimitives.dll
0x00007ffe75cc0000 - 0x00007ffe75cee000 	C:\Windows\System32\IMM32.DLL
0x00000000554b0000 - 0x0000000055582000 	F:\androidstudio\studio\jre\jre\bin\msvcr100.dll
0x0000000055710000 - 0x0000000055f4c000 	F:\androidstudio\studio\jre\jre\bin\server\jvm.dll
0x00007ffe75e50000 - 0x00007ffe75e58000 	C:\Windows\System32\PSAPI.DLL
0x00007ffe70d70000 - 0x00007ffe70d79000 	C:\Windows\SYSTEM32\WSOCK32.dll
0x00007ffe75d70000 - 0x00007ffe75dda000 	C:\Windows\System32\WS2_32.dll
0x00007ffe70cf0000 - 0x00007ffe70d13000 	C:\Windows\SYSTEM32\WINMM.dll
0x00007ffe70c60000 - 0x00007ffe70c8b000 	C:\Windows\SYSTEM32\WINMMBASE.dll
0x00007ffe65760000 - 0x00007ffe6576a000 	C:\Windows\SYSTEM32\VERSION.dll
0x00007ffe72a10000 - 0x00007ffe72a52000 	C:\Windows\System32\cfgmgr32.dll
0x00007ffe70d60000 - 0x00007ffe70d6f000 	F:\androidstudio\studio\jre\jre\bin\verify.dll
0x00007ffe6c2a0000 - 0x00007ffe6c2c9000 	F:\androidstudio\studio\jre\jre\bin\java.dll
0x00007ffe6fc40000 - 0x00007ffe6fc56000 	F:\androidstudio\studio\jre\jre\bin\zip.dll
0x00007ffe73a30000 - 0x00007ffe74f39000 	C:\Windows\System32\SHELL32.dll
0x00007ffe732b0000 - 0x00007ffe7398a000 	C:\Windows\System32\windows.storage.dll
0x00007ffe72870000 - 0x00007ffe728bc000 	C:\Windows\System32\powrprof.dll
0x00007ffe74f40000 - 0x00007ffe74f92000 	C:\Windows\System32\shlwapi.dll
0x00007ffe728e0000 - 0x00007ffe728ef000 	C:\Windows\System32\kernel.appcore.dll
0x00007ffe72960000 - 0x00007ffe72a09000 	C:\Windows\System32\shcore.dll
0x00007ffe728c0000 - 0x00007ffe728d4000 	C:\Windows\System32\profapi.dll
0x00007ffe6aa90000 - 0x00007ffe6aaaa000 	F:\androidstudio\studio\jre\jre\bin\net.dll
0x00007ffe72190000 - 0x00007ffe721ec000 	C:\Windows\system32\mswsock.dll
0x00007ffe6a8d0000 - 0x00007ffe6a8e1000 	F:\androidstudio\studio\jre\jre\bin\nio.dll
0x00007ffe696c0000 - 0x00007ffe696de000 	C:\Users\Tushar\.gradle\native\23\windows-amd64\native-platform.dll
0x00007ffe72330000 - 0x00007ffe72347000 	C:\Windows\SYSTEM32\CRYPTSP.dll
0x00007ffe71da0000 - 0x00007ffe71dd3000 	C:\Windows\system32\rsaenh.dll
0x00007ffe72440000 - 0x00007ffe7246b000 	C:\Windows\SYSTEM32\bcrypt.dll
0x00007ffe72010000 - 0x00007ffe7202f000 	C:\Windows\SYSTEM32\USERENV.dll
0x00007ffe72350000 - 0x00007ffe7235b000 	C:\Windows\SYSTEM32\CRYPTBASE.dll
0x00007ffe71f20000 - 0x00007ffe71f58000 	C:\Windows\SYSTEM32\IPHLPAPI.DLL
0x00007ffe74fa0000 - 0x00007ffe74fa8000 	C:\Windows\System32\NSI.dll
0x00007ffe6cd60000 - 0x00007ffe6cd76000 	C:\Windows\SYSTEM32\dhcpcsvc6.DLL
0x00007ffe6cd00000 - 0x00007ffe6cd1a000 	C:\Windows\SYSTEM32\dhcpcsvc.DLL
0x00007ffe6fbb0000 - 0x00007ffe6fbbd000 	F:\androidstudio\studio\jre\jre\bin\management.dll
0x00007ffe6a160000 - 0x00007ffe6a184000 	F:\androidstudio\studio\jre\jre\bin\sunec.dll
0x00007ffe6a910000 - 0x00007ffe6a91b000 	F:\androidstudio\studio\jre\jre\bin\sunmscapi.dll
0x00007ffe72eb0000 - 0x00007ffe73079000 	C:\Windows\System32\CRYPT32.dll
0x00007ffe72860000 - 0x00007ffe72870000 	C:\Windows\System32\MSASN1.dll
0x00007ffe539d0000 - 0x00007ffe53b62000 	C:\Windows\SYSTEM32\dbghelp.dll

VM Arguments:
jvm_args: -XX:MaxPermSize=256m -XX:+HeapDumpOnOutOfMemoryError -Xmx1024m -Dfile.encoding=windows-1252 -Duser.country=IN -Duser.language=en -Duser.variant 
java_command: org.gradle.launcher.daemon.bootstrap.GradleDaemon 3.3
java_class_path (initial): C:\Users\Tushar\.gradle\wrapper\dists\gradle-3.3-all\55gk2rcmfc6p2dg9u9ohc3hw9\gradle-3.3\lib\gradle-launcher-3.3.jar
Launcher Type: SUN_STANDARD

Environment Variables:
PATH=C:\Program Files (x86)\NVIDIA Corporation\PhysX\Common;C:\Windows\system32;C:\Windows;C:\Windows\System32\Wbem;C:\Windows\System32\WindowsPowerShell\v1.0\;C:\Users\Tushar\AppData\Local\Microsoft\WindowsApps;
USERNAME=Tushar
OS=Windows_NT
PROCESSOR_IDENTIFIER=Intel64 Family 6 Model 94 Stepping 3, GenuineIntel



---------------  S Y S T E M  ---------------

OS: Windows 10.0 , 64 bit Build 14393 (10.0.14393.0)

CPU:total 4 (4 cores per cpu, 1 threads per core) family 6 model 94 stepping 3, cmov, cx8, fxsr, mmx, sse, sse2, sse3, ssse3, sse4.1, sse4.2, popcnt, avx, avx2, aes, clmul, erms, rtm, 3dnowpref, lzcnt, tsc, tscinvbit, bmi1, bmi2, adx

Memory: 4k page, physical 8080156k(3732724k free), swap 16206620k(11054012k free)

vm_info: OpenJDK 64-Bit Server VM (25.112-b06) for windows-amd64 JRE (1.8.0_112-release-b06), built on Dec  8 2016 00:54:26 by "builder" with MS VC++ 10.0 (VS2010)

time: Tue Jun 06 15:02:09 2017
elapsed time: 2653 seconds (0d 0h 44m 13s)

